{"level":"info","message":"1✅ MongoDB Connected: ac-spfqphc-shard-00-00.uxpyfbl.mongodb.net","service":"user-service"}
{"level":"info","message":"1✅ MongoDB Connected: ac-spfqphc-shard-00-00.uxpyfbl.mongodb.net","service":"user-service"}
{"level":"info","message":"1✅ MongoDB Connected: ac-spfqphc-shard-00-00.uxpyfbl.mongodb.net","service":"user-service"}
{"level":"info","message":"1✅ MongoDB Connected: ac-spfqphc-shard-00-00.uxpyfbl.mongodb.net","service":"user-service"}
{"level":"info","message":"1✅ MongoDB Connected: ac-spfqphc-shard-00-00.uxpyfbl.mongodb.net","service":"user-service"}
{"level":"info","message":"1✅ MongoDB Connected: ac-spfqphc-shard-00-00.uxpyfbl.mongodb.net","service":"user-service"}
{"level":"info","message":"1✅ MongoDB Connected: ac-spfqphc-shard-00-00.uxpyfbl.mongodb.net","service":"user-service"}
{"level":"info","message":"1✅ MongoDB Connected: ac-spfqphc-shard-00-00.uxpyfbl.mongodb.net","service":"user-service"}
{"level":"info","message":"1✅ MongoDB Connected: ac-spfqphc-shard-00-00.uxpyfbl.mongodb.net","service":"user-service"}
{"level":"info","message":"1✅ MongoDB Connected: ac-spfqphc-shard-00-00.uxpyfbl.mongodb.net","service":"user-service","timeStamp":"2026-01-19T08:25:45.132Z"}
{"level":"info","message":"1✅ MongoDB Connected: ac-spfqphc-shard-00-00.uxpyfbl.mongodb.net","service":"user-service","timeStamp":""}
{"level":"info","message":"1✅ MongoDB Connected: ac-spfqphc-shard-00-00.uxpyfbl.mongodb.net","service":"user-service","timeStamp":"YYYY-"}
{"level":"info","message":"1✅ MongoDB Connected: ac-spfqphc-shard-00-00.uxpyfbl.mongodb.net","service":"user-service","timeStamp":null}
{"level":"info","message":"1✅ MongoDB Connected: ac-spfqphc-shard-00-00.uxpyfbl.mongodb.net","service":"user-service","timeStamp":null}
{"level":"info","message":"1✅ MongoDB Connected: ac-spfqphc-shard-00-00.uxpyfbl.mongodb.net","service":"user-service","timeStamp":null}
{"level":"info","message":"1✅ MongoDB Connected: ac-spfqphc-shard-00-00.uxpyfbl.mongodb.net","service":"user-service","timeStamp":"2026-01-19T08:26:40.518Z"}
{"level":"info","message":"1✅ MongoDB Connected: ac-spfqphc-shard-00-00.uxpyfbl.mongodb.net","service":"user-service","timeStamp":"2026-01-19T08:26:43.921Z"}
{"level":"info","message":"1✅ MongoDB Connected: ac-spfqphc-shard-00-00.uxpyfbl.mongodb.net","service":"user-service","timeStamp":"2026-01-19T08:28:59.360Z"}
{"level":"info","message":"✅ MongoDB Connected: ac-spfqphc-shard-00-00.uxpyfbl.mongodb.net","service":"user-service","timeStamp":"2026-01-19T08:29:15.235Z"}
{"level":"info","message":"✅ MongoDB Connected: ac-spfqphc-shard-00-00.uxpyfbl.mongodb.net","service":"user-service","timeStamp":"2026-01-19T08:29:22.328Z"}
{"level":"info","message":"✅ MongoDB Connected: ac-spfqphc-shard-00-00.uxpyfbl.mongodb.net","service":"user-service","timeStamp":"2026-01-19T08:29:32.545Z"}
{"level":"info","message":"✅ MongoDB Connected: ac-spfqphc-shard-00-00.uxpyfbl.mongodb.net","service":"user-service","timeStamp":"2026-01-19T08:30:09.574Z"}
{"level":"error","message":"❌ MongoDB connection failed:","service":"user-service","timeStamp":"2026-01-19T08:30:38.934Z"}
{"level":"info","message":"✅ MongoDB Connected: ac-spfqphc-shard-00-00.uxpyfbl.mongodb.net","service":"user-service","timeStamp":"2026-01-19T08:31:16.091Z"}
{"level":"info","message":"✅ MongoDB Connected: ac-spfqphc-shard-00-00.uxpyfbl.mongodb.net","service":"user-service","timeStamp":"2026-01-19T08:59:43.909Z"}
{"level":"info","message":"✅ MongoDB Connected: ac-spfqphc-shard-00-00.uxpyfbl.mongodb.net","service":"user-service","timeStamp":"2026-01-19T09:01:44.098Z"}
{"level":"info","message":"✅ MongoDB Connected: ac-spfqphc-shard-00-00.uxpyfbl.mongodb.net","service":"user-service","timeStamp":"2026-01-19T09:04:07.257Z"}
{"level":"info","message":"✅ MongoDB Connected: ac-spfqphc-shard-00-00.uxpyfbl.mongodb.net","service":"user-service","timeStamp":"2026-01-19T09:14:24.172Z"}
{"level":"info","message":"✅ MongoDB Connected: ac-spfqphc-shard-00-00.uxpyfbl.mongodb.net","service":"user-service","timeStamp":"2026-01-19T09:15:02.629Z"}
{"level":"info","message":"✅ MongoDB Connected: ac-spfqphc-shard-00-00.uxpyfbl.mongodb.net","service":"user-service","timeStamp":"2026-01-19T10:50:34.094Z"}
{"level":"info","message":"✅ MongoDB Connected: ac-spfqphc-shard-00-00.uxpyfbl.mongodb.net","service":"user-service","timeStamp":"2026-01-19T10:51:05.735Z"}
{"level":"info","message":"✅ MongoDB Connected: ac-spfqphc-shard-00-00.uxpyfbl.mongodb.net","service":"user-service","timeStamp":"2026-01-19T10:51:08.063Z"}
{"level":"info","message":"✅ MongoDB Connected: ac-spfqphc-shard-00-00.uxpyfbl.mongodb.net","service":"user-service","timeStamp":"2026-01-19T10:55:09.203Z"}
{"level":"info","message":"✅ MongoDB Connected: ac-spfqphc-shard-00-00.uxpyfbl.mongodb.net","service":"user-service","timeStamp":"2026-01-19T10:55:25.966Z"}
{"level":"info","message":"✅ MongoDB Connected: ac-spfqphc-shard-00-00.uxpyfbl.mongodb.net","service":"user-service","timeStamp":"2026-01-19T10:55:46.474Z"}
{"level":"info","message":"✅ MongoDB Connected: ac-spfqphc-shard-00-00.uxpyfbl.mongodb.net","service":"user-service","timeStamp":"2026-01-19T10:55:48.026Z"}
{"level":"info","message":"✅ MongoDB Connected: ac-spfqphc-shard-00-00.uxpyfbl.mongodb.net","service":"user-service","timeStamp":"2026-01-19T10:55:55.408Z"}
{"level":"info","message":"✅ MongoDB Connected: ac-spfqphc-shard-00-00.uxpyfbl.mongodb.net","service":"user-service","timeStamp":"2026-01-19T10:55:57.315Z"}
{"level":"info","message":"✅ MongoDB Connected: ac-spfqphc-shard-00-00.uxpyfbl.mongodb.net","service":"user-service","timeStamp":"2026-01-19T10:56:01.101Z"}
{"level":"info","message":"✅ MongoDB Connected: ac-spfqphc-shard-00-00.uxpyfbl.mongodb.net","service":"user-service","timeStamp":"2026-01-19T11:01:56.306Z"}
{"level":"error","message":"REMOVE CART ITEM ERROR:","service":"user-service","timeStamp":"2026-01-19T11:01:56.306Z"}
{"level":"info","message":"✅ MongoDB Connected: ac-spfqphc-shard-00-00.uxpyfbl.mongodb.net","service":"user-service","timeStamp":"2026-01-19T11:03:36.863Z"}
{"level":"info","message":"✅ MongoDB Connected: ac-spfqphc-shard-00-00.uxpyfbl.mongodb.net","service":"user-service","timeStamp":"2026-01-19T11:06:37.535Z"}
{"level":"info","message":"✅ MongoDB Connected: ac-spfqphc-shard-00-00.uxpyfbl.mongodb.net","service":"user-service","timeStamp":"2026-01-19T11:17:41.598Z"}
{"level":"info","message":"✅ MongoDB Connected: ac-spfqphc-shard-00-00.uxpyfbl.mongodb.net","service":"user-service","timeStamp":"2026-01-19T11:17:46.322Z"}
{"level":"info","message":"✅ MongoDB Connected: ac-spfqphc-shard-00-00.uxpyfbl.mongodb.net","service":"user-service","timeStamp":"2026-01-19T11:17:52.565Z"}
{"level":"info","message":"✅ MongoDB Connected: ac-spfqphc-shard-00-00.uxpyfbl.mongodb.net","service":"user-service","timeStamp":"2026-01-19T11:17:56.613Z"}
{"level":"info","message":"✅ MongoDB Connected: ac-spfqphc-shard-00-00.uxpyfbl.mongodb.net","service":"user-service","timeStamp":"2026-01-19T11:18:01.226Z"}
{"level":"info","message":"✅ MongoDB Connected: ac-spfqphc-shard-00-00.uxpyfbl.mongodb.net","service":"user-service","timeStamp":"2026-01-19T11:18:05.434Z"}
